<?xml version="1.0" encoding="UTF-8"?>
<!-- Generated by org.testng.reporters.JUnitXMLReporter -->
<testsuite hostname="mohammads-MBP.home" ignored="0" name="Default test" tests="4" failures="0" timestamp="2020-05-01T00:16:06 EDT" time="74.11" errors="0">
  <testcase name="physicianInformationPageTest" time="20.623" classname="com.Amgen.qa.testcases.PhysicianInformationPageTest"/>
  <testcase name="physicianInformationPageTest" time="6.81" classname="com.Amgen.qa.testcases.PhysicianInformationPageTest"/>
  <testcase name="physicianInformationPageTest" time="7.582" classname="com.Amgen.qa.testcases.PhysicianInformationPageTest"/>
  <testcase name="physicianInformationPageTest" time="7.009" classname="com.Amgen.qa.testcases.PhysicianInformationPageTest"/>
</testsuite> <!-- Default test -->
