<?xml version="1.0" encoding="UTF-8"?>
<!-- Generated by org.testng.reporters.JUnitXMLReporter -->
<testsuite hostname="mohammads-MBP.home" ignored="1" name="Default test" tests="1" failures="0" timestamp="2020-04-25T06:19:24 EDT" time="13.323" errors="0">
  <testcase name="clickContinuePge2BtnTest" time="5.519" classname="com.Amgen.qa.testcases.CardInformationPageTest"/>
  <testcase name="ClickOnPg2RadioBtnTest" time="0.0" classname="com.Amgen.qa.testcases.CardInformationPageTest">
    <ignored/>
  </testcase> <!-- ClickOnPg2RadioBtnTest -->
</testsuite> <!-- Default test -->
