<?xml version="1.0" encoding="UTF-8"?>
<!-- Generated by org.testng.reporters.JUnitXMLReporter -->
<testsuite hostname="mohammads-MBP.home" ignored="0" name="Amgen Application Test Cases" tests="5" failures="0" timestamp="2020-04-25T06:20:31 EDT" time="39.978" errors="0">
  <testcase name="verifyStandalonePageTitle" time="0.015" classname="com.Amgen.qa.testcases.StandAlonePageTest"/>
  <testcase name="clickOnGetStartedLinkTest" time="3.43" classname="com.Amgen.qa.testcases.StandAlonePageTest"/>
  <testcase name="clickOnRadioBtnQ1Test" time="0.483" classname="com.Amgen.qa.testcases.EligibilityPageTerst"/>
  <testcase name="ClickOnPg2RadioBtnTest" time="0.071" classname="com.Amgen.qa.testcases.CardInformationPageTest"/>
  <testcase name="clickContinuePge2BtnTest" time="5.577" classname="com.Amgen.qa.testcases.CardInformationPageTest"/>
</testsuite> <!-- Amgen Application Test Cases -->
