<?xml version="1.0" encoding="UTF-8"?>
<!-- Generated by org.testng.reporters.JUnitXMLReporter -->
<testsuite hostname="mohammads-MBP.home" ignored="0" name="Amgen Application Test Cases" tests="5" failures="0" timestamp="2020-04-25T16:03:56 EDT" time="37.635" errors="0">
  <testcase name="verifyStandalonePageTitle" time="0.017" classname="com.Amgen.qa.testcases.StandAlonePageTest"/>
  <testcase name="clickOnGetStartedLinkTest" time="3.456" classname="com.Amgen.qa.testcases.StandAlonePageTest"/>
  <testcase name="clickOnRadioBtnQ1Test" time="0.449" classname="com.Amgen.qa.testcases.EligibilityPageTerst"/>
  <testcase name="ClickOnPg2RadioBtnTest" time="0.087" classname="com.Amgen.qa.testcases.CardInformationPageTest"/>
  <testcase name="clickContinuePge2BtnTest" time="5.467" classname="com.Amgen.qa.testcases.CardInformationPageTest"/>
</testsuite> <!-- Amgen Application Test Cases -->
